24.7.2022, 19:30:48 - INFO - Server is running on port: 3030
24.7.2022, 19:32:23 - INFO - Server is running on port: 3030
24.7.2022, 19:32:38 - DEBUG - Getting cmps
24.7.2022, 19:32:38 - ERROR - Cannot get cmps | {}
24.7.2022, 19:34:07 - DEBUG - Getting cmps
24.7.2022, 19:34:07 - ERROR - Cannot get cmps | {}
24.7.2022, 19:35:02 - DEBUG - Getting cmps
24.7.2022, 19:35:02 - ERROR - Cannot get cmps | {}
24.7.2022, 19:35:48 - DEBUG - Getting cmps
24.7.2022, 19:35:48 - ERROR - Cannot get cmps | {}
24.7.2022, 19:36:00 - DEBUG - Getting cmps
24.7.2022, 19:36:00 - ERROR - Cannot get cmps | {}
24.7.2022, 19:36:13 - INFO - Server is running on port: 3030
24.7.2022, 19:36:17 - DEBUG - Getting cmps
24.7.2022, 19:36:17 - ERROR - Cannot get cmps | {}
24.7.2022, 19:36:30 - DEBUG - Getting cmps
24.7.2022, 19:36:30 - ERROR - Cannot get cmps | {}
24.7.2022, 19:37:02 - DEBUG - Getting cmps
24.7.2022, 19:37:02 - ERROR - Cannot get cmps | {}
24.7.2022, 19:37:38 - DEBUG - Getting cmps
24.7.2022, 19:37:38 - ERROR - Cannot get cmps | {}
24.7.2022, 19:39:41 - DEBUG - Getting cmps
24.7.2022, 19:39:41 - ERROR - Cannot get cmps | {}
24.7.2022, 19:40:46 - DEBUG - Getting cmps
24.7.2022, 19:40:46 - ERROR - Cannot get cmps | {}
24.7.2022, 19:42:30 - DEBUG - Getting cmps
24.7.2022, 19:42:30 - ERROR - Cannot get cmps | {}
24.7.2022, 19:42:43 - DEBUG - Getting cmps
24.7.2022, 19:42:43 - ERROR - Cannot get cmps | {}
24.7.2022, 19:44:25 - INFO - Server is running on port: 3030
24.7.2022, 19:44:26 - DEBUG - Getting cmps
24.7.2022, 19:44:26 - DEBUG - Getting cmps
24.7.2022, 19:44:26 - ERROR - Failed to get waps | {}
24.7.2022, 19:47:24 - DEBUG - Getting cmps
24.7.2022, 19:47:24 - DEBUG - Getting cmps
24.7.2022, 19:47:24 - ERROR - Failed to get waps | {}
24.7.2022, 19:47:40 - DEBUG - Getting cmps
24.7.2022, 19:47:40 - DEBUG - Getting cmps
24.7.2022, 19:47:40 - ERROR - Failed to get waps | {}
24.7.2022, 19:48:00 - INFO - Server is running on port: 3030
24.7.2022, 19:48:05 - DEBUG - Getting Cmp
24.7.2022, 19:48:05 - DEBUG - Getting cmps
24.7.2022, 19:48:05 - ERROR - Failed to get Cmps | {}
24.7.2022, 19:48:21 - DEBUG - Getting Cmp
24.7.2022, 19:48:21 - DEBUG - Getting cmps
24.7.2022, 19:48:21 - ERROR - Failed to get Cmps | {}
24.7.2022, 19:48:36 - INFO - Server is running on port: 3030
24.7.2022, 19:48:39 - DEBUG - Getting Cmp
24.7.2022, 19:48:39 - DEBUG - Getting cmps
24.7.2022, 19:48:39 - ERROR - Failed to get Cmpsssss | {}
24.7.2022, 19:49:23 - DEBUG - Getting Cmp
24.7.2022, 19:49:23 - DEBUG - Getting cmps
24.7.2022, 19:49:23 - ERROR - Failed to get Cmpsssss | {}
24.7.2022, 19:49:44 - INFO - Server is running on port: 3030
24.7.2022, 19:49:46 - DEBUG - Getting Cmp
24.7.2022, 19:49:46 - DEBUG - Getting cmps
24.7.2022, 19:49:46 - ERROR - Failed to get Cmpsssss | {}
24.7.2022, 19:55:22 - DEBUG - Getting Cmp
24.7.2022, 19:55:22 - DEBUG - Getting cmps
24.7.2022, 19:55:22 - ERROR - Failed to get Cmpsssss | {}
24.7.2022, 19:56:20 - INFO - Server is running on port: 3030
24.7.2022, 19:56:31 - DEBUG - Getting Cmp
24.7.2022, 19:56:31 - DEBUG - Getting cmps
24.7.2022, 19:56:31 - ERROR - Failed to get Cmpsssss | {}
24.7.2022, 19:57:50 - DEBUG - Getting Cmp
24.7.2022, 19:57:50 - DEBUG - Getting cmps
24.7.2022, 19:57:50 - ERROR - Failed to get Cmpsssss | {}
24.7.2022, 19:57:51 - DEBUG - Getting Cmp
24.7.2022, 19:57:51 - DEBUG - Getting cmps
24.7.2022, 19:57:51 - ERROR - Failed to get Cmpsssss | {}
24.7.2022, 19:57:52 - DEBUG - Getting Cmp
24.7.2022, 19:57:52 - DEBUG - Getting cmps
24.7.2022, 19:57:52 - ERROR - Failed to get Cmpsssss | {}
24.7.2022, 19:58:06 - DEBUG - Getting Cmp
24.7.2022, 19:58:06 - DEBUG - Getting cmps
24.7.2022, 19:58:06 - ERROR - Failed to get Cmpsssss | {}
24.7.2022, 19:58:43 - DEBUG - Getting Cmp
24.7.2022, 19:58:43 - DEBUG - Getting cmps
24.7.2022, 19:58:43 - ERROR - Failed to get Cmpsssss | {}
24.7.2022, 20:00:20 - DEBUG - Getting Cmp
24.7.2022, 20:00:20 - DEBUG - Getting cmps
24.7.2022, 20:00:20 - ERROR - Failed to get Cmpsssss | {}
24.7.2022, 20:01:04 - DEBUG - Getting Cmp
24.7.2022, 20:01:04 - DEBUG - Getting cmps
24.7.2022, 20:01:04 - ERROR - Failed to get Cmpsssss | {}
24.7.2022, 20:02:08 - DEBUG - Getting Cmp
24.7.2022, 20:02:08 - DEBUG - Getting cmps
24.7.2022, 20:02:08 - ERROR - Failed to get Cmpsssss | {}
24.7.2022, 20:04:15 - DEBUG - Getting Cmp
24.7.2022, 20:04:15 - DEBUG - Getting cmps
24.7.2022, 20:04:15 - ERROR - Failed to get Cmpsssss | {}
24.7.2022, 20:04:52 - DEBUG - Getting Cmp
24.7.2022, 20:04:52 - DEBUG - Getting cmps
24.7.2022, 20:04:52 - ERROR - Failed to get Cmpsssss | {}
24.7.2022, 20:05:31 - DEBUG - Getting Waps
24.7.2022, 20:05:31 - ERROR - cannot find waps | {}
24.7.2022, 20:05:31 - ERROR - Failed to get waps | {}
24.7.2022, 20:05:55 - DEBUG - Getting Cmp
24.7.2022, 20:05:55 - DEBUG - Getting cmps
24.7.2022, 20:05:55 - ERROR - Failed to get Cmpsssss | {}
24.7.2022, 20:17:28 - DEBUG - Getting Cmp
24.7.2022, 20:17:28 - DEBUG - Getting cmps
24.7.2022, 20:17:28 - ERROR - Failed to get Cmpsssss | {}
24.7.2022, 20:20:49 - DEBUG - Getting Cmp
24.7.2022, 20:20:49 - DEBUG - Getting cmps
24.7.2022, 20:20:49 - ERROR - Failed to get Cmpsssss | {}
24.7.2022, 20:21:06 - DEBUG - Getting Cmp
24.7.2022, 20:21:06 - DEBUG - Getting cmps
24.7.2022, 20:21:06 - ERROR - Failed to get Cmpsssss | {}
24.7.2022, 20:21:37 - DEBUG - Getting Cmp
24.7.2022, 20:21:37 - DEBUG - Getting cmps
24.7.2022, 20:21:37 - ERROR - Failed to get Cmpsssss | {}
24.7.2022, 20:24:16 - DEBUG - Getting Cmp
24.7.2022, 20:24:16 - DEBUG - Getting cmps
24.7.2022, 20:24:16 - ERROR - Failed to get Cmpsssss | {}
24.7.2022, 20:24:35 - INFO - Server is running on port: 3030
24.7.2022, 20:24:58 - DEBUG - Getting Cmp
24.7.2022, 20:24:58 - DEBUG - Getting cmps
24.7.2022, 20:24:58 - ERROR - cannot find cmps | {}
24.7.2022, 20:24:58 - ERROR - Failed to get Cmpsssss | {}
24.7.2022, 20:25:47 - DEBUG - Getting Cmp
24.7.2022, 20:25:47 - DEBUG - Getting cmps
24.7.2022, 20:25:47 - ERROR - cannot find cmps | {}
24.7.2022, 20:25:47 - ERROR - Failed to get Cmpsssss | {}
24.7.2022, 20:27:29 - DEBUG - Getting Cmp
24.7.2022, 20:27:29 - DEBUG - Getting cmps
24.7.2022, 20:27:29 - ERROR - cannot find cmps | {}
24.7.2022, 20:27:29 - ERROR - Failed to get Cmpsssss | {}
24.7.2022, 20:27:41 - DEBUG - Getting Cmp
24.7.2022, 20:27:41 - DEBUG - Getting cmps
24.7.2022, 20:27:41 - ERROR - cannot find cmps | {}
24.7.2022, 20:27:41 - ERROR - Failed to get Cmpsssss | {}
24.7.2022, 20:27:53 - DEBUG - Getting Cmp
24.7.2022, 20:27:53 - DEBUG - Getting cmps
24.7.2022, 20:27:53 - ERROR - cannot find cmps | {}
24.7.2022, 20:27:53 - ERROR - Failed to get Cmpsssss | {}
24.7.2022, 20:30:32 - DEBUG - Getting Cmp
24.7.2022, 20:30:32 - DEBUG - Getting cmps
24.7.2022, 20:30:32 - ERROR - cannot find cmps | {}
24.7.2022, 20:30:32 - ERROR - Failed to get Cmpsssss | {}
24.7.2022, 20:31:24 - DEBUG - Getting Cmp
24.7.2022, 20:31:24 - DEBUG - Getting cmps
24.7.2022, 20:31:24 - ERROR - cannot find cmps | {}
24.7.2022, 20:31:24 - ERROR - Failed to get Cmpsssss | {}
24.7.2022, 20:31:37 - DEBUG - Getting Cmp
24.7.2022, 20:31:37 - DEBUG - Getting cmps
24.7.2022, 20:31:37 - ERROR - cannot find cmps | {}
24.7.2022, 20:31:37 - ERROR - Failed to get Cmpsssss | {}
24.7.2022, 20:31:38 - DEBUG - Getting Cmp
24.7.2022, 20:31:38 - DEBUG - Getting cmps
24.7.2022, 20:31:38 - ERROR - cannot find cmps | {}
24.7.2022, 20:31:38 - ERROR - Failed to get Cmpsssss | {}
24.7.2022, 20:31:59 - DEBUG - Getting Cmp
24.7.2022, 20:31:59 - DEBUG - Getting cmps
24.7.2022, 20:31:59 - ERROR - cannot find cmps | {}
24.7.2022, 20:31:59 - ERROR - Failed to get Cmpsssss | {}
24.7.2022, 20:32:12 - INFO - Server is running on port: 3030
24.7.2022, 20:32:13 - DEBUG - Getting Cmp
24.7.2022, 20:32:13 - DEBUG - Getting cmps
24.7.2022, 20:32:13 - ERROR - cannot find cmps | {}
24.7.2022, 20:32:13 - ERROR - Failed to get Cmpsssss | {}
24.7.2022, 20:34:21 - DEBUG - Getting Cmp
24.7.2022, 20:34:21 - DEBUG - Getting cmps
24.7.2022, 20:34:21 - ERROR - cannot find cmps | {}
24.7.2022, 20:34:21 - ERROR - Failed to get Cmpsssss | {}
24.7.2022, 20:35:24 - DEBUG - Getting Cmp
24.7.2022, 20:35:24 - DEBUG - Getting cmps
24.7.2022, 20:35:24 - ERROR - cannot find cmps | {}
24.7.2022, 20:35:24 - ERROR - Failed to get Cmpsssss | {}
24.7.2022, 20:36:03 - DEBUG - Getting Cmp
24.7.2022, 20:36:03 - DEBUG - Getting cmps
24.7.2022, 20:36:03 - ERROR - cannot find cmps | {}
24.7.2022, 20:36:03 - ERROR - Failed to get Cmpsssss | {}
24.7.2022, 20:37:11 - INFO - Server is running on port: 3030
24.7.2022, 20:37:23 - DEBUG - Getting Cmp
24.7.2022, 20:37:23 - DEBUG - Getting cmps
24.7.2022, 20:37:23 - ERROR - cannot find cmps | {}
24.7.2022, 20:37:23 - ERROR - Failed to get Cmpsssss | {}
24.7.2022, 20:41:30 - DEBUG - Getting Cmp
24.7.2022, 20:41:30 - DEBUG - Getting cmps
24.7.2022, 20:41:30 - ERROR - cannot find cmps | {}
24.7.2022, 20:41:30 - ERROR - Failed to get Cmpsssss | {}
24.7.2022, 20:47:02 - INFO - Server is running on port: 3030
<<<<<<< HEAD
24.7.2022, 22:01:39 - INFO - Server is running on port: 3030
24.7.2022, 22:01:43 - INFO - Server is running on port: 3030
=======
7/24/2022, 9:19:00 PM - INFO - Server is running on port: 3030
7/24/2022, 9:19:19 PM - INFO - Server is running on port: 3030
7/24/2022, 9:19:25 PM - INFO - Server is running on port: 3030
7/24/2022, 9:19:32 PM - DEBUG - Getting Cmp
7/24/2022, 9:19:32 PM - DEBUG - Getting cmps
7/24/2022, 9:19:32 PM - ERROR - cannot find cmps | {}
7/24/2022, 9:19:32 PM - ERROR - Failed to get Cmpsssss | {}
7/24/2022, 9:20:34 PM - DEBUG - Getting Waps
7/24/2022, 9:20:34 PM - ERROR - cannot find waps | {}
7/24/2022, 9:20:34 PM - ERROR - Failed to get waps | {}
7/24/2022, 9:21:57 PM - INFO - Server is running on port: 3030
7/24/2022, 9:21:58 PM - DEBUG - Getting Waps
7/24/2022, 9:21:58 PM - ERROR - cannot find waps | {}
7/24/2022, 9:21:58 PM - ERROR - Failed to get waps | {}
7/24/2022, 9:22:00 PM - DEBUG - Getting Waps
7/24/2022, 9:22:00 PM - ERROR - cannot find waps | {}
7/24/2022, 9:22:00 PM - ERROR - Failed to get waps | {}
7/24/2022, 9:22:02 PM - DEBUG - Getting Waps
7/24/2022, 9:22:02 PM - ERROR - cannot find waps | {}
7/24/2022, 9:22:02 PM - ERROR - Failed to get waps | {}
7/24/2022, 9:22:03 PM - DEBUG - Getting Waps
7/24/2022, 9:22:03 PM - ERROR - cannot find waps | {}
7/24/2022, 9:22:03 PM - ERROR - Failed to get waps | {}
7/24/2022, 9:22:04 PM - DEBUG - Getting Waps
7/24/2022, 9:22:04 PM - ERROR - cannot find waps | {}
7/24/2022, 9:22:04 PM - ERROR - Failed to get waps | {}
7/24/2022, 9:22:22 PM - INFO - Server is running on port: 3030
7/24/2022, 9:22:31 PM - DEBUG - Getting Waps
7/24/2022, 9:22:31 PM - ERROR - cannot find waps | {}
7/24/2022, 9:22:31 PM - ERROR - Failed to get waps | {}
7/24/2022, 9:24:23 PM - INFO - Server is running on port: 3030
7/24/2022, 9:24:35 PM - DEBUG - Getting Waps
7/24/2022, 9:24:35 PM - ERROR - cannot find waps | {}
7/24/2022, 9:24:35 PM - ERROR - Failed to get waps | {}
7/24/2022, 9:24:36 PM - DEBUG - Getting Waps
7/24/2022, 9:24:36 PM - ERROR - cannot find waps | {}
7/24/2022, 9:24:36 PM - ERROR - Failed to get waps | {}
7/24/2022, 9:24:37 PM - DEBUG - Getting Waps
7/24/2022, 9:24:37 PM - ERROR - cannot find waps | {}
7/24/2022, 9:24:37 PM - ERROR - Failed to get waps | {}
7/24/2022, 9:24:46 PM - INFO - Server is running on port: 3030
7/24/2022, 9:25:01 PM - DEBUG - Getting Waps
7/24/2022, 9:25:01 PM - ERROR - cannot find waps | {}
7/24/2022, 9:25:01 PM - ERROR - Failed to get waps | {}
7/24/2022, 9:29:12 PM - INFO - Server is running on port: 3030
7/24/2022, 9:29:19 PM - DEBUG - Getting Waps
7/24/2022, 9:29:19 PM - ERROR - cannot find waps | {}
7/24/2022, 9:29:19 PM - ERROR - Failed to get waps | {}
7/24/2022, 9:30:09 PM - DEBUG - Getting Waps
7/24/2022, 9:30:09 PM - ERROR - cannot find waps | {}
7/24/2022, 9:30:09 PM - ERROR - Failed to get waps | {}
7/24/2022, 9:30:41 PM - DEBUG - Getting Waps
7/24/2022, 9:30:41 PM - ERROR - cannot find waps | {}
7/24/2022, 9:30:41 PM - ERROR - Failed to get waps | {}
7/24/2022, 9:31:22 PM - INFO - Server is running on port: 3030
7/24/2022, 9:31:39 PM - DEBUG - Getting Waps
7/24/2022, 9:31:39 PM - ERROR - cannot find waps | {}
7/24/2022, 9:31:39 PM - ERROR - Failed to get waps | {}
7/24/2022, 9:31:48 PM - DEBUG - Getting Waps
7/24/2022, 9:31:48 PM - ERROR - cannot find waps | {}
7/24/2022, 9:31:48 PM - ERROR - Failed to get waps | {}
7/24/2022, 9:33:22 PM - INFO - Server is running on port: 3030
7/24/2022, 9:33:38 PM - DEBUG - Getting Waps
7/24/2022, 9:33:38 PM - ERROR - cannot find waps | {}
7/24/2022, 9:33:38 PM - ERROR - Failed to get waps | {}
7/24/2022, 9:33:39 PM - DEBUG - Getting Waps
7/24/2022, 9:33:39 PM - ERROR - cannot find waps | {}
7/24/2022, 9:33:39 PM - ERROR - Failed to get waps | {}
7/24/2022, 9:36:42 PM - INFO - Server is running on port: 3030
7/24/2022, 9:36:47 PM - DEBUG - Getting Waps
7/24/2022, 9:36:47 PM - ERROR - cannot find waps | {}
7/24/2022, 9:36:47 PM - ERROR - Failed to get waps | {}
7/24/2022, 9:36:48 PM - DEBUG - Getting Waps
7/24/2022, 9:36:48 PM - ERROR - cannot find waps | {}
7/24/2022, 9:36:48 PM - ERROR - Failed to get waps | {}
7/24/2022, 9:36:49 PM - DEBUG - Getting Waps
7/24/2022, 9:36:49 PM - ERROR - cannot find waps | {}
7/24/2022, 9:36:49 PM - ERROR - Failed to get waps | {}
7/24/2022, 9:37:00 PM - INFO - Server is running on port: 3030
7/24/2022, 9:37:01 PM - DEBUG - Getting Waps
7/24/2022, 9:37:01 PM - ERROR - cannot find waps | {}
7/24/2022, 9:37:01 PM - ERROR - Failed to get waps | {}
7/24/2022, 9:37:03 PM - DEBUG - Getting Waps
7/24/2022, 9:37:03 PM - ERROR - cannot find waps | {}
7/24/2022, 9:37:03 PM - ERROR - Failed to get waps | {}
7/24/2022, 9:38:05 PM - INFO - Server is running on port: 3030
7/24/2022, 9:38:26 PM - DEBUG - Getting Waps
7/24/2022, 9:38:26 PM - ERROR - cannot find waps | {}
7/24/2022, 9:38:26 PM - ERROR - Failed to get waps | {}
7/24/2022, 9:39:51 PM - INFO - Server is running on port: 3030
7/24/2022, 9:45:09 PM - DEBUG - Getting Cmp
7/24/2022, 9:45:09 PM - DEBUG - Getting cmps
7/24/2022, 9:45:09 PM - ERROR - cannot find cmps | {}
7/24/2022, 9:45:09 PM - ERROR - Failed to get Cmpsssss | {}
7/24/2022, 9:45:32 PM - DEBUG - Getting Cmp
7/24/2022, 9:45:32 PM - DEBUG - Getting cmps
7/24/2022, 9:45:32 PM - ERROR - cannot find cmps | {}
7/24/2022, 9:45:32 PM - ERROR - Failed to get Cmpsssss | {}
7/24/2022, 9:46:07 PM - INFO - Server is running on port: 3030
7/24/2022, 9:46:28 PM - INFO - Server is running on port: 3030
7/24/2022, 9:46:33 PM - INFO - Server is running on port: 3030
7/24/2022, 9:46:53 PM - INFO - Server is running on port: 3030
7/24/2022, 9:46:53 PM - DEBUG - Getting Cmp
7/24/2022, 9:46:53 PM - DEBUG - Getting cmps
7/24/2022, 9:46:53 PM - ERROR - cannot find cmps | {}
7/24/2022, 9:46:53 PM - ERROR - Failed to get Cmpsssss | {}
7/24/2022, 9:48:55 PM - INFO - Server is running on port: 3030
7/24/2022, 9:48:58 PM - DEBUG - Getting Cmp
7/24/2022, 9:48:58 PM - DEBUG - Getting cmps
7/24/2022, 9:48:58 PM - ERROR - Failed to get Cmpsssss | {"code":"ERR_HTTP_HEADERS_SENT"}
7/24/2022, 9:51:01 PM - INFO - Server is running on port: 3030
7/24/2022, 9:51:07 PM - DEBUG - Getting Waps
7/24/2022, 9:51:07 PM - ERROR - cannot find waps | {}
7/24/2022, 9:51:07 PM - ERROR - Failed to get waps | {}
7/24/2022, 9:51:30 PM - INFO - Server is running on port: 3030
7/24/2022, 9:51:34 PM - DEBUG - Getting Waps
7/24/2022, 9:51:34 PM - ERROR - cannot find waps | {}
7/24/2022, 9:51:34 PM - ERROR - Failed to get waps | {}
7/24/2022, 9:52:49 PM - INFO - Server is running on port: 3030
7/24/2022, 9:52:50 PM - INFO - Sample Logger Middleware
7/24/2022, 9:52:50 PM - DEBUG - Getting Waps
7/24/2022, 9:52:50 PM - ERROR - cannot find waps | {}
7/24/2022, 9:52:50 PM - ERROR - Failed to get waps | {}
7/24/2022, 9:54:03 PM - INFO - Server is running on port: 3030
7/24/2022, 9:54:04 PM - INFO - Sample Logger Middleware
7/24/2022, 9:54:04 PM - DEBUG - Getting Waps
7/24/2022, 9:56:28 PM - INFO - Server is running on port: 3030
7/24/2022, 9:56:32 PM - DEBUG - Getting Cmp
7/24/2022, 9:56:32 PM - DEBUG - Getting cmps
7/24/2022, 9:56:34 PM - ERROR - Failed to get Cmpsssss | {"code":"ERR_HTTP_HEADERS_SENT"}
7/24/2022, 9:57:34 PM - INFO - Server is running on port: 3030
7/24/2022, 9:59:16 PM - INFO - Server is running on port: 3030
7/24/2022, 9:59:25 PM - DEBUG - Getting Cmp
7/24/2022, 9:59:25 PM - DEBUG - Getting cmps
7/24/2022, 9:59:31 PM - INFO - Sample Logger Middleware
7/24/2022, 9:59:31 PM - DEBUG - Getting Waps
>>>>>>> 13364fb042b693d7460a54901f048107b05ddfbe
24.7.2022, 22:03:03 - INFO - Server is running on port: 3030
